  imgui.cpp
\imgui\imgui.cpp(1,1): error C1083: Не удается открыть файл источник: imgui\imgui.cpp: No such file or directory,
  (компиляция исходного файла "/imgui/imgui.cpp")
  
  imgui_demo.cpp
\imgui\imgui_demo.cpp(1,1): error C1083: Не удается открыть файл источник: imgui\imgui_demo.cpp: No such file or directory,
  (компиляция исходного файла "/imgui/imgui_demo.cpp")
  
  imgui_draw.cpp
\imgui\imgui_draw.cpp(1,1): error C1083: Не удается открыть файл источник: imgui\imgui_draw.cpp: No such file or directory,
  (компиляция исходного файла "/imgui/imgui_draw.cpp")
  
  imgui_impl_dx9.cpp
\imgui\imgui_impl_dx9.cpp(1,1): error C1083: Не удается открыть файл источник: imgui\imgui_impl_dx9.cpp: No such file or directory,
  (компиляция исходного файла "/imgui/imgui_impl_dx9.cpp")
  
  imgui_impl_win32.cpp
\imgui\imgui_impl_win32.cpp(1,1): error C1083: Не удается открыть файл источник: imgui\imgui_impl_win32.cpp: No such file or directory,
  (компиляция исходного файла "/imgui/imgui_impl_win32.cpp")
  
  imgui_widgets.cpp
\imgui\imgui_widgets.cpp(1,1): error C1083: Не удается открыть файл источник: imgui\imgui_widgets.cpp: No such file or directory,
  (компиляция исходного файла "/imgui/imgui_widgets.cpp")
  
  kiero.cpp
\kiero\kiero.cpp(1,1): error C1083: Не удается открыть файл источник: kiero\kiero.cpp: No such file or directory,
  (компиляция исходного файла "/kiero/kiero.cpp")
  
  main.cpp
\main.cpp(1,1): error C1083: Не удается открыть файл источник: main.cpp: No such file or directory,
  (компиляция исходного файла "/main.cpp")
  
  Создание кода...
