e:\cheat projects\eblanium\eblanium\x64\debug\vc143.pdb
e:\cheat projects\eblanium\eblanium\x64\debug\vc143.idb
e:\cheat projects\eblanium\eblanium\x64\debug\main.obj
e:\cheat projects\eblanium\eblanium\x64\debug\kiero.obj
e:\cheat projects\eblanium\eblanium\x64\debug\imgui_widgets.obj
e:\cheat projects\eblanium\eblanium\x64\debug\imgui_tables.obj
e:\cheat projects\eblanium\eblanium\x64\debug\imgui_impl_win32.obj
e:\cheat projects\eblanium\eblanium\x64\debug\imgui_impl_dx9.obj
e:\cheat projects\eblanium\eblanium\x64\debug\imgui_draw.obj
e:\cheat projects\eblanium\eblanium\x64\debug\imgui_demo.obj
e:\cheat projects\eblanium\eblanium\x64\debug\imgui.obj
e:\cheat projects\eblanium\eblanium\x64\debug\trampoline.obj
e:\cheat projects\eblanium\eblanium\x64\debug\hook.obj
e:\cheat projects\eblanium\eblanium\x64\debug\hde64.obj
e:\cheat projects\eblanium\eblanium\x64\debug\hde32.obj
e:\cheat projects\eblanium\eblanium\x64\debug\buffer.obj
e:\cheat projects\eblanium\x64\debug\eblanium.dll
e:\cheat projects\eblanium\x64\debug\eblanium.pdb
e:\cheat projects\eblanium\eblanium\x64\debug\minhook.res
e:\cheat projects\eblanium\eblanium\x64\debug\eblanium.ilk
e:\cheat projects\eblanium\eblanium\x64\debug\eblanium.tlog\cl.command.1.tlog
e:\cheat projects\eblanium\eblanium\x64\debug\eblanium.tlog\cl.items.tlog
e:\cheat projects\eblanium\eblanium\x64\debug\eblanium.tlog\cl.read.1.tlog
e:\cheat projects\eblanium\eblanium\x64\debug\eblanium.tlog\cl.write.1.tlog
e:\cheat projects\eblanium\eblanium\x64\debug\eblanium.tlog\link.command.1.tlog
e:\cheat projects\eblanium\eblanium\x64\debug\eblanium.tlog\link.read.1.tlog
e:\cheat projects\eblanium\eblanium\x64\debug\eblanium.tlog\link.secondary.1.tlog
e:\cheat projects\eblanium\eblanium\x64\debug\eblanium.tlog\link.write.1.tlog
e:\cheat projects\eblanium\eblanium\x64\debug\eblanium.tlog\rc.command.1.tlog
e:\cheat projects\eblanium\eblanium\x64\debug\eblanium.tlog\rc.read.1.tlog
e:\cheat projects\eblanium\eblanium\x64\debug\eblanium.tlog\rc.write.1.tlog
